<?xml version="1.0" encoding="UTF-8"?>
<testng-results ignored="0" total="1" passed="1" failed="0" skipped="0">
  <reporter-output>
  </reporter-output>
  <suite started-at="2024-11-05T21:22:15 EST" name="Default suite" finished-at="2024-11-05T21:22:50 EST" duration-ms="35583">
    <groups>
    </groups>
    <test started-at="2024-11-05T21:22:15 EST" name="Default test" finished-at="2024-11-05T21:22:50 EST" duration-ms="35583">
      <class name="pagetest.HomePageTest">
        <test-method is-config="true" signature="setup()[pri:0, instance:pagetest.HomePageTest@173ed316]" started-at="2024-11-05T21:22:15 EST" name="setup" finished-at="2024-11-05T21:22:35 EST" duration-ms="20320" status="PASS">
          <reporter-output>
          </reporter-output>
        </test-method> <!-- setup -->
        <test-method signature="clicklogotest()[pri:0, instance:pagetest.HomePageTest@173ed316]" started-at="2024-11-05T21:22:35 EST" name="clicklogotest" finished-at="2024-11-05T21:22:50 EST" duration-ms="14478" status="PASS">
          <reporter-output>
          </reporter-output>
        </test-method> <!-- clicklogotest -->
        <test-method is-config="true" signature="tearUp()[pri:0, instance:pagetest.HomePageTest@173ed316]" started-at="2024-11-05T21:22:50 EST" name="tearUp" finished-at="2024-11-05T21:22:50 EST" duration-ms="665" status="PASS">
          <reporter-output>
          </reporter-output>
        </test-method> <!-- tearUp -->
      </class> <!-- pagetest.HomePageTest -->
    </test> <!-- Default test -->
  </suite> <!-- Default suite -->
</testng-results>
